bigint.c: In function 'duplicar':
bigint.c:20:5: warning: use of uninitialized value 's' [CWE-457] [-Wanalyzer-use-of-uninitialized-value]
   20 |     memcpy(copia, s, len);
      |     ^~~~~~~~~~~~~~~~~~~~~
  'bigint_divmod': events 1-5
    횚철챕
    횚철챕  302 | int bigint_divmod(const BigInt *a, const BigInt *b, BigInt *quotient, BigInt *remainder)
    횚철챕      |     ^~~~~~~~~~~~~
    횚철챕      |     |
    횚철챕      |     (1) entry to 'bigint_divmod'
    횚철챕......
    횚철챕  310 |     if (a == NULL || b == NULL || quotient == NULL || remainder == NULL)
    횚철챕      |        ~
    횚철챕      |        |
    횚철챕      |        (4) following 'false' branch... 횚철횉>횚철횉횚철횋
    횚철챕      |                                           횚철챕
    횚철챕      |                                           횚철챕
    횚철챕      |횚철챤횚철횉횚철횉횚철횉횚철횉횚철횉횚철횉횚철횉횚철횉횚철횉횚철횉횚철횉횚철횉횚철횉횚철횉횚철횉횚철횉횚철횉횚철횉횚철횉횚철횉횚철횉횚철횉횚철횉횚철횉횚철횉횚철횉횚철횉횚철횉횚철횉횚철횉횚철횉횚철횉횚철횉횚철횉횚철횉횚철횉횚철횉횚철횉횚철횉횚철횉횚철횉횚철횉횚철첼
    횚철챕  311 |횚철챕        return 0;
    횚철챕  312 |횚철챕    if (a->digits == NULL || b->digits == NULL)
    횚철챕      |횚철챕        ~~~~~~~~~
    횚철챕      |횚철챕         |
    횚철챕      |횚철철횚철횉횚철횉횚철횉횚철횉횚철횉횚철횉횚철횉횚철횉>(5) ...to here
    횚철챕......
    횚철챕  337 |         char digTxt[2];
    횚철챕      |              ~~~~~~
    횚철챕      |              |
    횚철챕      |              (2) region created on stack here
    횚철챕      |              (3) capacity: 2 bytes
    횚철챕
  'bigint_divmod': events 6-8
    횚철챕
    횚철챕  312 |     if (a->digits == NULL || b->digits == NULL)
    횚철챕      |        ^
    횚철챕      |        |
    횚철챕      |        (6) following 'false' branch... 횚철횉>횚철횉횚철횋
    횚철챕      |                                           횚철챕
    횚철챕      |                                           횚철챕
    횚철챕      |횚철챤횚철횉횚철횉횚철횉횚철횉횚철횉횚철횉횚철횉횚철횉횚철횉횚철횉횚철횉횚철횉횚철횉횚철횉횚철횉횚철횉횚철횉횚철횉횚철횉횚철횉횚철횉횚철횉횚철횉횚철횉횚철횉횚철횉횚철횉횚철횉횚철횉횚철횉횚철횉횚철횉횚철횉횚철횉횚철횉횚철횉횚철횉횚철횉횚철횉횚철횉횚철횉횚철횉횚철첼
    횚철챕  313 |횚철챕        return 0;
    횚철챕  314 |횚철챕    if (bigint_is_zero(b))
    횚철챕      |횚철챕        ~~~~~~~~~~~~~~~~~
    횚철챕      |횚철챕        |
    횚철챕      |횚철철횚철횉횚철횉횚철횉횚철횉횚철횉횚철횉횚철횉>(7) ...to here
    횚철챕      |         (8) calling 'bigint_is_zero' from 'bigint_divmod'
    횚철챕
    횚철철횚철횉횚철횉> 'bigint_is_zero': events 9-10
           횚철챕
           횚철챕  125 | int bigint_is_zero(const BigInt *n)
           횚철챕      |     ^~~~~~~~~~~~~~
           횚철챕      |     |
           횚철챕      |     (9) entry to 'bigint_is_zero'
           횚철챕  126 | {
           횚철챕  127 |     return n != NULL && n->digits != NULL && strcmp(n->digits, "0") == 0;
           횚철챕      |            ~~~~~~~~~~~~~~~~~~~~~~~~~~~~~~~~~~~~~~~~~~~~~~~~~~~~~~~~~~~~~
           횚철챕      |                                           |
           횚철챕      |                                           (10) following 'true' branch... 횚철횉>횚철횉횚철횋
           횚철챕      |                                                                              횚철챕
           횚철챕
         'bigint_is_zero': event 11
           횚철챕
           횚철챕      |                                                                              횚철챕
           횚철챕      |횚철챤횚철횉횚철횉횚철횉횚철횉횚철횉횚철횉횚철횉횚철횉횚철횉횚철횉횚철횉횚철횉횚철횉횚철횉횚철횉횚철횉횚철횉횚철횉횚철횉횚철횉횚철횉횚철횉횚철횉횚철횉횚철횉횚철횉횚철횉횚철횉횚철횉횚철횉횚철횉횚철횉횚철횉횚철횉횚철횉횚철횉횚철횉횚철횉횚철횉횚철횉횚철횉횚철횉횚철횉횚철횉횚철횉횚철횉횚철횉횚철횉횚철횉횚철횉횚철횉횚철횉횚철횉횚철횉횚철횉횚철횉횚철횉횚철횉횚철횉횚철횉횚철횉횚철횉횚철횉횚철횉횚철횉횚철횉횚철횉횚철횉횚철횉횚철횉횚철횉횚철횉횚철횉횚철횉횚철횉횚철횉횚철횉횚철첼
           횚철챕  127 |횚철챕    return n != NULL && n->digits != NULL && strcmp(n->digits, "0") == 0;
           횚철챕      |횚철챕                                                    ~^~~~~~~~
           횚철챕      |횚철챕                                                     |
           횚철챕      |횚철철횚철횉횚철횉횚철횉횚철횉횚철횉횚철횉횚철횉횚철횉횚철횉횚철횉횚철횉횚철횉횚철횉횚철횉횚철횉횚철횉횚철횉횚철횉횚철횉횚철횉횚철횉횚철횉횚철횉횚철횉횚철횉횚철횉횚철횉횚철횉횚철횉횚철횉횚철횉횚철횉횚철횉횚철횉횚철횉횚철횉횚철횉횚철횉횚철횉횚철횉횚철횉횚철횉횚철횉횚철횉횚철횉횚철횉횚철횉횚철횉횚철횉횚철횉횚철횉횚철횉>(11) ...to here
           횚철챕
    <횚철횉횚철횉횚철횉횚철횉횚철횉횚철횉횚철첼
    횚철챕
  'bigint_divmod': event 12
    횚철챕
    횚철챕  314 |     if (bigint_is_zero(b))
    횚철챕      |         ^~~~~~~~~~~~~~~~~
    횚철챕      |         |
    횚철챕      |         (12) returning to 'bigint_divmod' from 'bigint_is_zero'
    횚철챕
  'bigint_divmod': events 13-15
    횚철챕
    횚철챕  314 |     if (bigint_is_zero(b))
    횚철챕      |        ^
    횚철챕      |        |
    횚철챕      |        (13) following 'false' branch... 횚철횉>횚철횉횚철횋
    횚철챕      |                                            횚철챕
    횚철챕......
    횚철챕      |                                            횚철챕
    횚철챕      |횚철챤횚철횉횚철횉횚철횉횚철횉횚철횉횚철횉횚철횉횚철횉횚철횉횚철횉횚철횉횚철횉횚철횉횚철횉횚철횉횚철횉횚철횉횚철횉횚철횉횚철횉횚철횉횚철횉횚철횉횚철횉횚철횉횚철횉횚철횉횚철횉횚철횉횚철횉횚철횉횚철횉횚철횉횚철횉횚철횉횚철횉횚철횉횚철횉횚철횉횚철횉횚철횉횚철횉횚철횉횚철첼
    횚철챕  317 |횚철챕    if (!bigint_init(&rem, "0"))
    횚철챕      |횚철챕         ~~~~~~~~~~~~~~~~~~~~~~
    횚철챕      |횚철챕         |
    횚철챕      |횚철철횚철횉횚철횉횚철횉횚철횉횚철횉횚철횉횚철횉횚철횉>(14) ...to here
    횚철챕      |          (15) calling 'bigint_init' from 'bigint_divmod'
    횚철챕
    횚철철횚철횉횚철횉> 'bigint_init': events 16-17
           횚철챕
           횚철챕   56 | int bigint_init(BigInt *n, const char *text)
           횚철챕      |     ^~~~~~~~~~~
           횚철챕      |     |
           횚철챕      |     (16) entry to 'bigint_init'
           횚철챕......
           횚철챕   60 |     if (n == NULL || !texto_valido_entero_no_negativo(text))
           횚철챕      |        ~
           횚철챕      |        |
           횚철챕      |        (17) following 'false' branch (when 'n' is non-NULL)... 횚철횉>횚철횉횚철횋
           횚철챕      |                                                                   횚철챕
           횚철챕
         'bigint_init': events 18-19
           횚철챕
           횚철챕      |                                                                   횚철챕
           횚철챕      |횚철챤횚철횉횚철횉횚철횉횚철횉횚철횉횚철횉횚철횉횚철횉횚철횉횚철횉횚철횉횚철횉횚철횉횚철횉횚철횉횚철횉횚철횉횚철횉횚철횉횚철횉횚철횉횚철횉횚철횉횚철횉횚철횉횚철횉횚철횉횚철횉횚철횉횚철횉횚철횉횚철횉횚철횉횚철횉횚철횉횚철횉횚철횉횚철횉횚철횉횚철횉횚철횉횚철횉횚철횉횚철횉횚철횉횚철횉횚철횉횚철횉횚철횉횚철횉횚철횉횚철횉횚철횉횚철횉횚철횉횚철횉횚철횉횚철횉횚철횉횚철횉횚철횉횚철횉횚철횉횚철횉횚철횉횚철횉횚철첼
           횚철챕   60 |횚철챕    if (n == NULL || !texto_valido_entero_no_negativo(text))
           횚철챕      |횚철챕                      ^~~~~~~~~~~~~~~~~~~~~~~~~~~~~~~~~~~~~
           횚철챕      |횚철챕                      |
           횚철챕      |횚철철횚철횉횚철횉횚철횉횚철횉횚철횉횚철횉횚철횉횚철횉횚철횉횚철횉횚철횉횚철횉횚철횉횚철횉횚철횉횚철횉횚철횉횚철횉횚철횉횚철횉횚철횉>(18) ...to here
           횚철챕      |                       (19) calling 'texto_valido_entero_no_negativo' from 'bigint_init'
           횚철챕
           횚철철횚철횉횚철횉> 'texto_valido_entero_no_negativo': events 20-24
                  횚철챕
                  횚철챕   25 | static int texto_valido_entero_no_negativo(const char *text)
                  횚철챕      |            ^~~~~~~~~~~~~~~~~~~~~~~~~~~~~~~
                  횚철챕      |            |
                  횚철챕      |            (20) entry to 'texto_valido_entero_no_negativo'
                  횚철챕......
                  횚철챕   29 |     if (text == NULL || *text == '\0')
                  횚철챕      |        ~    
                  횚철챕      |        |
                  횚철챕      |        (21) following 'false' branch... 횚철횉>횚철횉횚철횋
                  횚철챕      |                                            횚철챕
                  횚철챕......
                  횚철챕      |                                            횚철챕
                  횚철챕      |횚철챤횚철횉횚철횉횚철횉횚철횉횚철횉횚철횉횚철횉횚철횉횚철횉횚철횉횚철횉횚철횉횚철횉횚철횉횚철횉횚철횉횚철횉횚철횉횚철횉횚철횉횚철횉횚철횉횚철횉횚철횉횚철횉횚철횉횚철횉횚철횉횚철횉횚철횉횚철횉횚철횉횚철횉횚철횉횚철횉횚철횉횚철횉횚철횉횚철횉횚철횉횚철횉횚철횉횚철횉횚철첼
                  횚철챕   32 |횚철챕    for (i = 0; text[i] != '\0'; i++)
                  횚철챕      |횚철챕         ~~~~~  ~~~~~~~~~~~~~~~
                  횚철챕      |횚철챕           |            |
                  횚철챕      |횚철챕           |            (23) following 'true' branch... 횚철횉>횚철횉횚철횋
                  횚철챕      |횚철철횚철횉횚철횉횚철횉횚철횉횚철횉횚철횉횚철횉횚철횉횚철횉횚철횉>(22) ...to here                                 횚철챕
                  횚철챕      |                                                            횚철챕
                  횚철챕      |                                                            횚철챕
                  횚철챕      |횚철챤횚철횉횚철횉횚철횉횚철횉횚철횉횚철횉횚철횉횚철횉횚철횉횚철횉횚철횉횚철횉횚철횉횚철횉횚철횉횚철횉횚철횉횚철횉횚철횉횚철횉횚철횉횚철횉횚철횉횚철횉횚철횉횚철횉횚철횉횚철횉횚철횉횚철횉횚철횉횚철횉횚철횉횚철횉횚철횉횚철횉횚철횉횚철횉횚철횉횚철횉횚철횉횚철횉횚철횉횚철횉횚철횉횚철횉횚철횉횚철횉횚철횉횚철횉횚철횉횚철횉횚철횉횚철횉횚철횉횚철횉횚철횉횚철횉횚철횉횚철첼
                  횚철챕   33 |횚철챕    {
                  횚철챕   34 |횚철챕        if (!isdigit((unsigned char)text[i]))
                  횚철챕      |횚철챕                                        ~
                  횚철챕      |횚철챕                                        |
                  횚철챕      |횚철철횚철횉횚철횉횚철횉횚철횉횚철횉횚철횉횚철횉횚철횉횚철횉횚철횉횚철횉횚철횉횚철횉횚철횉횚철횉횚철횉횚철횉횚철횉횚철횉횚철횉횚철횉횚철횉횚철횉횚철횉횚철횉횚철횉횚철횉횚철횉횚철횉횚철횉횚철횉횚철횉횚철횉횚철횉횚철횉횚철횉횚철횉횚철횉횚철횉>(24) ...to here
                  횚철챕
                'texto_valido_entero_no_negativo': event 25
                  횚철챕
                  횚철챕   34 |         if (!isdigit((unsigned char)text[i]))
                  횚철챕      |            ^
                  횚철챕      |            |
                  횚철챕      |            (25) following 'false' branch... 횚철횉>횚철횉횚철횋
                  횚철챕      |                                                횚철챕
                  횚철챕
                'texto_valido_entero_no_negativo': event 26
                  횚철챕
                  횚철챕      |                                                횚철챕
                  횚철챕      |횚철챤횚철횉횚철횉횚철횉횚철횉횚철횉횚철횉횚철횉횚철횉횚철횉횚철횉횚철횉횚철횉횚철횉횚철횉횚철횉횚철횉횚철횉횚철횉횚철횉횚철횉횚철횉횚철횉횚철횉횚철횉횚철횉횚철횉횚철횉횚철횉횚철횉횚철횉횚철횉횚철횉횚철횉횚철횉횚철횉횚철횉횚철횉횚철횉횚철횉횚철횉횚철횉횚철횉횚철횉횚철횉횚철횉횚철횉횚철횉횚철첼
                  횚철챕   32 |횚철챕    for (i = 0; text[i] != '\0'; i++)
                  횚철챕      |횚철챕                                 ~^~
                  횚철챕      |횚철챕                                  |
                  횚철챕      |횚철철횚철횉횚철횉횚철횉횚철횉횚철횉횚철횉횚철횉횚철횉횚철횉횚철횉횚철횉횚철횉횚철횉횚철횉횚철횉횚철횉횚철횉횚철횉횚철횉횚철횉횚철횉횚철횉횚철횉횚철횉횚철횉횚철횉횚철횉횚철횉횚철횉횚철횉횚철횉횚철횉횚철횉>(26) ...to here
                  횚철챕
           <횚철횉횚철횉횚철횉횚철횉횚철횉횚철횉횚철첼
           횚철챕
         'bigint_init': event 27
           횚철챕
           횚철챕   60 |     if (n == NULL || !texto_valido_entero_no_negativo(text))
           횚철챕      |                       ^~~~~~~~~~~~~~~~~~~~~~~~~~~~~~~~~~~~~
           횚철챕      |                       |
           횚철챕      |                       (27) returning to 'bigint_init' from 'texto_valido_entero_no_negativo'
           횚철챕
         'bigint_init': events 28-30
           횚철챕
           횚철챕   60 |     if (n == NULL || !texto_valido_entero_no_negativo(text))
           횚철챕      |         ~~~~~~~~~~^~~~~~~~~~~~~~~~~~~~~~~~~~~~~~~~~~~~~~~~~
           횚철챕      |                   |
           횚철챕      |                   (28) following 'false' branch... 횚철횉>횚철횉횚철횋
           횚철챕      |                                                       횚철챕
           횚철챕......
           횚철챕      |                                                       횚철챕
           횚철챕      |횚철챤횚철횉횚철횉횚철횉횚철횉횚철횉횚철횉횚철횉횚철횉횚철횉횚철횉횚철횉횚철횉횚철횉횚철횉횚철횉횚철횉횚철횉횚철횉횚철횉횚철횉횚철횉횚철횉횚철횉횚철횉횚철횉횚철횉횚철횉횚철횉횚철횉횚철횉횚철횉횚철횉횚철횉횚철횉횚철횉횚철횉횚철횉횚철횉횚철횉횚철횉횚철횉횚철횉횚철횉횚철횉횚철횉횚철횉횚철횉횚철횉횚철횉횚철횉횚철횉횚철횉횚철횉횚철횉횚철첼
           횚철챕   63 |횚철챕    normalizado = normalizar(text);
           횚철챕      |횚철챕                  ~~~~~~~~~~~~~~~~
           횚철챕      |횚철챕                  |
           횚철챕      |횚철철횚철횉횚철횉횚철횉횚철횉횚철횉횚철횉횚철횉횚철횉횚철횉횚철횉횚철횉횚철횉횚철횉횚철횉횚철횉횚철횉횚철횉>(29) ...to here
           횚철챕      |                   (30) calling 'normalizar' from 'bigint_init'
           횚철챕
           횚철철횚철횉횚철횉> 'normalizar': events 31-34
                  횚철챕
                  횚철챕   42 | static char *normalizar(const char *text)
                  횚철챕      |              ^~~~~~~~~~
                  횚철챕      |              |
                  횚철챕      |              (31) entry to 'normalizar'
                  횚철챕......
                  횚철챕   46 |     if (text == NULL || *text == '\0')
                  횚철챕      |        ~      
                  횚철챕      |        |
                  횚철챕      |        (32) following 'false' branch... 횚철횉>횚철횉횚철횋
                  횚철챕      |                                            횚철챕
                  횚철챕......
                  횚철챕      |                                            횚철챕
                  횚철챕      |횚철챤횚철횉횚철횉횚철횉횚철횉횚철횉횚철횉횚철횉횚철횉횚철횉횚철횉횚철횉횚철횉횚철횉횚철횉횚철횉횚철횉횚철횉횚철횉횚철횉횚철횉횚철횉횚철횉횚철횉횚철횉횚철횉횚철횉횚철횉횚철횉횚철횉횚철횉횚철횉횚철횉횚철횉횚철횉횚철횉횚철횉횚철횉횚철횉횚철횉횚철횉횚철횉횚철횉횚철횉횚철첼
                  횚철챕   49 |횚철챕    while (text[i] == '0' && text[i + 1] != '\0')
                  횚철챕      |횚철챕          ~~~~~~~~~~~~~~~~~~~~~~~~~~~~~~~~~~~~~~
                  횚철챕      |횚철챕          |               |
                  횚철챕      |횚철철횚철횉횚철횉횚철횉횚철횉횚철횉횚철횉횚철횉횚철횉횚철횉>(33) ...to here (34) following 'true' branch... 횚철횉>횚철횉횚철횋
                  횚철챕      |                                                              횚철챕
                  횚철챕
                'normalizar': event 35
                  횚철챕
                  횚철챕      |                                                              횚철챕
                  횚철챕      |횚철챤횚철횉횚철횉횚철횉횚철횉횚철횉횚철횉횚철횉횚철횉횚철횉횚철횉횚철횉횚철횉횚철횉횚철횉횚철횉횚철횉횚철횉횚철횉횚철횉횚철횉횚철횉횚철횉횚철횉횚철횉횚철횉횚철횉횚철횉횚철횉횚철횉횚철횉횚철횉횚철횉횚철횉횚철횉횚철횉횚철횉횚철횉횚철횉횚철횉횚철횉횚철횉횚철횉횚철횉횚철횉횚철횉횚철횉횚철횉횚철횉횚철횉횚철횉횚철횉횚철횉횚철횉횚철횉횚철횉횚철횉횚철횉횚철횉횚철횉횚철횉횚철횉횚철첼
                  횚철챕   49 |횚철챕    while (text[i] == '0' && text[i + 1] != '\0')
                  횚철챕      |횚철챕                                  ~~^~~
                  횚철챕      |횚철챕                                    |
                  횚철챕      |횚철철횚철횉횚철횉횚철횉횚철횉횚철횉횚철횉횚철횉횚철횉횚철횉횚철횉횚철횉횚철횉횚철횉횚철횉횚철횉횚철횉횚철횉횚철횉횚철횉횚철횉횚철횉횚철횉횚철횉횚철횉횚철횉횚철횉횚철횉횚철횉횚철횉횚철횉횚철횉횚철횉횚철횉횚철횉횚철횉>(35) ...to here
                  횚철챕
                'normalizar': events 36-38
                  횚철챕
                  횚철챕   49 |     while (text[i] == '0' && text[i + 1] != '\0')
                  횚철챕      |            ~~~~~~~~~~~~~~~^~~~~~~~~~~~~~~~~~~~~~
                  횚철챕      |                           |
                  횚철챕      |                           (36) following 'false' branch... 횚철횉>횚철횉횚철횋
                  횚철챕      |                                                               횚철챕
                  횚철챕......
                  횚철챕      |                                                               횚철챕
                  횚철챕      |횚철챤횚철횉횚철횉횚철횉횚철횉횚철횉횚철횉횚철횉횚철횉횚철횉횚철횉횚철횉횚철횉횚철횉횚철횉횚철횉횚철횉횚철횉횚철횉횚철횉횚철횉횚철횉횚철횉횚철횉횚철횉횚철횉횚철횉횚철횉횚철횉횚철횉횚철횉횚철횉횚철횉횚철횉횚철횉횚철횉횚철횉횚철횉횚철횉횚철횉횚철횉횚철횉횚철횉횚철횉횚철횉횚철횉횚철횉횚철횉횚철횉횚철횉횚철횉횚철횉횚철횉횚철횉횚철횉횚철횉횚철횉횚철횉횚철횉횚철횉횚철횉횚철횉횚철횉횚철첼
                  횚철챕   52 |횚철챕    return duplicar(text + i);
                  횚철챕      |횚철챕           ~~~~~~~~~~~~~~~~~~
                  횚철챕      |횚철챕           |
                  횚철챕      |횚철철횚철횉횚철횉횚철횉횚철횉횚철횉횚철횉횚철횉횚철횉횚철횉횚철횉>(37) ...to here
                  횚철챕      |            (38) calling 'duplicar' from 'normalizar'
                  횚철챕
                  횚철철횚철횉횚철횉> 'duplicar': events 39-43
                         횚철챕
                         횚철챕    7 | static char *duplicar(const char *s)
                         횚철챕      |              ^~~~~~~~
                         횚철챕      |              |
                         횚철챕      |              (39) entry to 'duplicar'
                         횚철챕......
                         횚철챕   12 |     if (s == NULL)
                         횚철챕      |        ~      
                         횚철챕      |        |
                         횚철챕      |        (40) following 'false' branch (when 's' is non-NULL)... 횚철횉>횚철횉횚철횋
                         횚철챕      |                                                                   횚철챕
                         횚철챕......
                         횚철챕      |                                                                   횚철챕
                         횚철챕      |횚철챤횚철횉횚철횉횚철횉횚철횉횚철횉횚철횉횚철횉횚철횉횚철횉횚철횉횚철횉횚철횉횚철횉횚철횉횚철횉횚철횉횚철횉횚철횉횚철횉횚철횉횚철횉횚철횉횚철횉횚철횉횚철횉횚철횉횚철횉횚철횉횚철횉횚철횉횚철횉횚철횉횚철횉횚철횉횚철횉횚철횉횚철횉횚철횉횚철횉횚철횉횚철횉횚철횉횚철횉횚철횉횚철횉횚철횉횚철횉횚철횉횚철횉횚철횉횚철횉횚철횉횚철횉횚철횉횚철횉횚철횉횚철횉횚철횉횚철횉횚철횉횚철횉횚철횉횚철횉횚철횉횚철횉횚철횉횚철첼
                         횚철챕   15 |횚철챕    len = strlen(s) + 1;
                         횚철챕      |횚철챕          ~~~~~~~~~
                         횚철챕      |횚철챕          |
                         횚철챕      |횚철철횚철횉횚철횉횚철횉횚철횉횚철횉횚철횉횚철횉횚철횉횚철횉>(41) ...to here
                         횚철챕   16 |     copia = (char *)malloc(len);
                         횚철챕   17 |     if (copia == NULL)
                         횚철챕      |        ~      
                         횚철챕      |        |
                         횚철챕      |        (42) following 'false' branch (when 'copia' is non-NULL)... 횚철횉>횚철횉횚철횋
                         횚철챕      |                                                                       횚철챕
                         횚철챕......
                         횚철챕      |                                                                       횚철챕
                         횚철챕      |횚철챤횚철횉횚철횉횚철횉횚철횉횚철횉횚철횉횚철횉횚철횉횚철횉횚철횉횚철횉횚철횉횚철횉횚철횉횚철횉횚철횉횚철횉횚철횉횚철횉횚철횉횚철횉횚철횉횚철횉횚철횉횚철횉횚철횉횚철횉횚철횉횚철횉횚철횉횚철횉횚철횉횚철횉횚철횉횚철횉횚철횉횚철횉횚철횉횚철횉횚철횉횚철횉횚철횉횚철횉횚철횉횚철횉횚철횉횚철횉횚철횉횚철횉횚철횉횚철횉횚철횉횚철횉횚철횉횚철횉횚철횉횚철횉횚철횉횚철횉횚철횉횚철횉횚철횉횚철횉횚철횉횚철횉횚철횉횚철횉횚철횉횚철횉횚철횉횚철첼
                         횚철챕   20 |횚철챕    memcpy(copia, s, len);
                         횚철챕      |횚철챕    ~~~~~~~~~~~~~~~~~~~~~
                         횚철챕      |횚철챕    |
                         횚철챕      |횚철철횚철횉횚철횉횚철횉>(43) ...to here
                         횚철챕
                  <횚철횉횚철횉횚철횉횚철횉횚철횉횚철횉횚철첼
                  횚철챕
                'normalizar': event 44
                  횚철챕
                  횚철챕   52 |     return duplicar(text + i);
                  횚철챕      |            ^~~~~~~~~~~~~~~~~~
                  횚철챕      |            |
                  횚철챕      |            (44) returning to 'normalizar' from 'duplicar'
                  횚철챕
           <횚철횉횚철횉횚철횉횚철횉횚철횉횚철횉횚철첼
           횚철챕
         'bigint_init': events 45-47
           횚철챕
           횚철챕   63 |     normalizado = normalizar(text);
           횚철챕      |                   ^~~~~~~~~~~~~~~~
           횚철챕      |                   |
           횚철챕      |                   (45) returning to 'bigint_init' from 'normalizar'
           횚철챕   64 |     if (normalizado == NULL)
           횚철챕      |        ~           
           횚철챕      |        |
           횚철챕      |        (46) following 'false' branch (when 'normalizado' is non-NULL)... 횚철횉>횚철횉횚철횋
           횚철챕      |                                                                             횚철챕
           횚철챕......
           횚철챕      |                                                                             횚철챕
           횚철챕      |횚철챤횚철횉횚철횉횚철횉횚철횉횚철횉횚철횉횚철횉횚철횉횚철횉횚철횉횚철횉횚철횉횚철횉횚철횉횚철횉횚철횉횚철횉횚철횉횚철횉횚철횉횚철횉횚철횉횚철횉횚철횉횚철횉횚철횉횚철횉횚철횉횚철횉횚철횉횚철횉횚철횉횚철횉횚철횉횚철횉횚철횉횚철횉횚철횉횚철횉횚철횉횚철횉횚철횉횚철횉횚철횉횚철횉횚철횉횚철횉횚철횉횚철횉횚철횉횚철횉횚철횉횚철횉횚철횉횚철횉횚철횉횚철횉횚철횉횚철횉횚철횉횚철횉횚철횉횚철횉횚철횉횚철횉횚철횉횚철횉횚철횉횚철횉횚철횉횚철횉횚철횉횚철횉횚철횉횚철횉횚철횉횚철첼
           횚철챕   67 |횚철챕    n->digits = normalizado;
           횚철챕      |횚철챕    ~~~~~~~~~~~~~~~~~~~~~~~
           횚철챕      |횚철챕              |
           횚철챕      |횚철철횚철횉횚철횉횚철횉횚철횉횚철횉횚철횉횚철횉횚철횉횚철횉횚철횉횚철횉횚철횉횚철횉>(47) ...to here
           횚철챕
    <횚철횉횚철횉횚철횉횚철횉횚철횉횚철횉횚철첼
    횚철챕
  'bigint_divmod': event 48
    횚철챕
    횚철챕  317 |     if (!bigint_init(&rem, "0"))
    횚철챕      |          ^~~~~~~~~~~~~~~~~~~~~~
    횚철챕      |          |
    횚철챕      |          (48) returning to 'bigint_divmod' from 'bigint_init'
    횚철챕
  'bigint_divmod': events 49-51
    횚철챕
    횚철챕  317 |     if (!bigint_init(&rem, "0"))
    횚철챕      |        ^
    횚철챕      |        |
    횚철챕      |        (49) following 'false' branch... 횚철횉>횚철횉횚철횋
    횚철챕      |                                            횚철챕
    횚철챕......
    횚철챕      |                                            횚철챕
    횚철챕      |횚철챤횚철횉횚철횉횚철횉횚철횉횚철횉횚철횉횚철횉횚철횉횚철횉횚철횉횚철횉횚철횉횚철횉횚철횉횚철횉횚철횉횚철횉횚철횉횚철횉횚철횉횚철횉횚철횉횚철횉횚철횉횚철횉횚철횉횚철횉횚철횉횚철횉횚철횉횚철횉횚철횉횚철횉횚철횉횚철횉횚철횉횚철횉횚철횉횚철횉횚철횉횚철횉횚철횉횚철횉횚철첼
    횚철챕  320 |횚철챕    if (!bigint_set(&d, b))
    횚철챕      |횚철챕         ~~~~~~~~~~~~~~~~~
    횚철챕      |횚철챕         |
    횚철챕      |횚철철횚철횉횚철횉횚철횉횚철횉횚철횉횚철횉횚철횉횚철횉>(50) ...to here
    횚철챕      |          (51) calling 'bigint_set' from 'bigint_divmod'
    횚철챕
    횚철철횚철횉횚철횉> 'bigint_set': events 52-54
           횚철챕
           횚철챕   72 | int bigint_set(BigInt *dest, const BigInt *src)
           횚철챕      |     ^~~~~~~~~~
           횚철챕      |     |
           횚철챕      |     (52) entry to 'bigint_set'
           횚철챕......
           횚철챕   76 |     if (dest == NULL || src == NULL || src->digits == NULL)
           횚철챕      |        ~
           횚철챕      |        |
           횚철챕      |        (53) following 'false' branch... 횚철횉>횚철횉횚철횋
           횚철챕      |                                            횚철챕
           횚철챕......
           횚철챕      |                                            횚철챕
           횚철챕      |횚철챤횚철횉횚철횉횚철횉횚철횉횚철횉횚철횉횚철횉횚철횉횚철횉횚철횉횚철횉횚철횉횚철횉횚철횉횚철횉횚철횉횚철횉횚철횉횚철횉횚철횉횚철횉횚철횉횚철횉횚철횉횚철횉횚철횉횚철횉횚철횉횚철횉횚철횉횚철횉횚철횉횚철횉횚철횉횚철횉횚철횉횚철횉횚철횉횚철횉횚철횉횚철횉횚철횉횚철횉횚철첼
           횚철챕   79 |횚철챕    copia = duplicar(src->digits);
           횚철챕      |횚철챕                     ~~~~~~~~~~~
           횚철챕      |횚철챕                        |
           횚철챕      |횚철철횚철횉횚철횉횚철횉횚철횉횚철횉횚철횉횚철횉횚철횉횚철횉횚철횉횚철횉횚철횉횚철횉횚철횉횚철횉횚철횉횚철횉횚철횉횚철횉횚철횉횚철횉횚철횉횚철횉>(54) ...to here
           횚철챕
         'bigint_set': event 55
           횚철챕
           횚철챕   79 |     copia = duplicar(src->digits);
           횚철챕      |             ^~~~~~~~~~~~~~~~~~~~~
           횚철챕      |             |
           횚철챕      |             (55) calling 'duplicar' from 'bigint_set'
           횚철챕
           횚철철횚철횉횚철횉> 'duplicar': events 56-60
                  횚철챕
                  횚철챕    7 | static char *duplicar(const char *s)
                  횚철챕      |              ^~~~~~~~
                  횚철챕      |              |
                  횚철챕      |              (56) entry to 'duplicar'
                  횚철챕......
                  횚철챕   12 |     if (s == NULL)
                  횚철챕      |        ~      
                  횚철챕      |        |
                  횚철챕      |        (57) following 'false' branch (when 's' is non-NULL)... 횚철횉>횚철횉횚철횋
                  횚철챕      |                                                                   횚철챕
                  횚철챕......
                  횚철챕      |                                                                   횚철챕
                  횚철챕      |횚철챤횚철횉횚철횉횚철횉횚철횉횚철횉횚철횉횚철횉횚철횉횚철횉횚철횉횚철횉횚철횉횚철횉횚철횉횚철횉횚철횉횚철횉횚철횉횚철횉횚철횉횚철횉횚철횉횚철횉횚철횉횚철횉횚철횉횚철횉횚철횉횚철횉횚철횉횚철횉횚철횉횚철횉횚철횉횚철횉횚철횉횚철횉횚철횉횚철횉횚철횉횚철횉횚철횉횚철횉횚철횉횚철횉횚철횉횚철횉횚철횉횚철횉횚철횉횚철횉횚철횉횚철횉횚철횉횚철횉횚철횉횚철횉횚철횉횚철횉횚철횉횚철횉횚철횉횚철횉횚철횉횚철횉횚철횉횚철첼
                  횚철챕   15 |횚철챕    len = strlen(s) + 1;
                  횚철챕      |횚철챕          ~~~~~~~~~
                  횚철챕      |횚철챕          |
                  횚철챕      |횚철철횚철횉횚철횉횚철횉횚철횉횚철횉횚철횉횚철횉횚철횉횚철횉>(58) ...to here
                  횚철챕   16 |     copia = (char *)malloc(len);
                  횚철챕   17 |     if (copia == NULL)
                  횚철챕      |        ~      
                  횚철챕      |        |
                  횚철챕      |        (59) following 'false' branch (when 'copia' is non-NULL)... 횚철횉>횚철횉횚철횋
                  횚철챕      |                                                                       횚철챕
                  횚철챕......
                  횚철챕      |                                                                       횚철챕
                  횚철챕      |횚철챤횚철횉횚철횉횚철횉횚철횉횚철횉횚철횉횚철횉횚철횉횚철횉횚철횉횚철횉횚철횉횚철횉횚철횉횚철횉횚철횉횚철횉횚철횉횚철횉횚철횉횚철횉횚철횉횚철횉횚철횉횚철횉횚철횉횚철횉횚철횉횚철횉횚철횉횚철횉횚철횉횚철횉횚철횉횚철횉횚철횉횚철횉횚철횉횚철횉횚철횉횚철횉횚철횉횚철횉횚철횉횚철횉횚철횉횚철횉횚철횉횚철횉횚철횉횚철횉횚철횉횚철횉횚철횉횚철횉횚철횉횚철횉횚철횉횚철횉횚철횉횚철횉횚철횉횚철횉횚철횉횚철횉횚철횉횚철횉횚철횉횚철횉횚철횉횚철첼
                  횚철챕   20 |횚철챕    memcpy(copia, s, len);
                  횚철챕      |횚철챕    ~~~~~~~~~~~~~~~~~~~~~
                  횚철챕      |횚철챕    |
                  횚철챕      |횚철철횚철횉횚철횉횚철횉>(60) ...to here
                  횚철챕
           <횚철횉횚철횉횚철횉횚철횉횚철횉횚철횉횚철첼
           횚철챕
         'bigint_set': events 61-63
           횚철챕
           횚철챕   79 |     copia = duplicar(src->digits);
           횚철챕      |             ^~~~~~~~~~~~~~~~~~~~~
           횚철챕      |             |
           횚철챕      |             (61) returning to 'bigint_set' from 'duplicar'
           횚철챕   80 |     if (copia == NULL)
           횚철챕      |        ~     
           횚철챕      |        |
           횚철챕      |        (62) following 'false' branch (when 'copia' is non-NULL)... 횚철횉>횚철횉횚철횋
           횚철챕      |                                                                       횚철챕
           횚철챕......
           횚철챕      |                                                                       횚철챕
           횚철챕      |횚철챤횚철횉횚철횉횚철횉횚철횉횚철횉횚철횉횚철횉횚철횉횚철횉횚철횉횚철횉횚철횉횚철횉횚철횉횚철횉횚철횉횚철횉횚철횉횚철횉횚철횉횚철횉횚철횉횚철횉횚철횉횚철횉횚철횉횚철횉횚철횉횚철횉횚철횉횚철횉횚철횉횚철횉횚철횉횚철횉횚철횉횚철횉횚철횉횚철횉횚철횉횚철횉횚철횉횚철횉횚철횉횚철횉횚철횉횚철횉횚철횉횚철횉횚철횉횚철횉횚철횉횚철횉횚철횉횚철횉횚철횉횚철횉횚철횉횚철횉횚철횉횚철횉횚철횉횚철횉횚철횉횚철횉횚철횉횚철횉횚철횉횚철횉횚철횉횚철첼
           횚철챕   83 |횚철챕    free(dest->digits);
           횚철챕      |횚철챕         ~~~~~~~~~~~~
           횚철챕      |횚철챕             |
           횚철챕      |횚철철횚철횉횚철횉횚철횉횚철횉횚철횉횚철횉횚철횉횚철횉횚철횉횚철횉횚철횉횚철횉>(63) ...to here
           횚철챕
    <횚철횉횚철횉횚철횉횚철횉횚철횉횚철횉횚철첼
    횚철챕
  'bigint_divmod': event 64
    횚철챕
    횚철챕  320 |     if (!bigint_set(&d, b))
    횚철챕      |          ^~~~~~~~~~~~~~~~~
    횚철챕      |          |
    횚철챕      |          (64) returning to 'bigint_divmod' from 'bigint_set'
    횚철챕
  'bigint_divmod': events 65-71
    횚철챕
    횚철챕  320 |     if (!bigint_set(&d, b))
    횚철챕      |        ^
    횚철챕      |        |
    횚철챕      |        (65) following 'false' branch... 횚철횉>횚철횉횚철횋
    횚철챕      |                                            횚철챕
    횚철챕......
    횚철챕      |                                            횚철챕
    횚철챕      |횚철챤횚철횉횚철횉횚철횉횚철횉횚철횉횚철횉횚철횉횚철횉횚철횉횚철횉횚철횉횚철횉횚철횉횚철횉횚철횉횚철횉횚철횉횚철횉횚철횉횚철횉횚철횉횚철횉횚철횉횚철횉횚철횉횚철횉횚철횉횚철횉횚철횉횚철횉횚철횉횚철횉횚철횉횚철횉횚철횉횚철횉횚철횉횚철횉횚철횉횚철횉횚철횉횚철횉횚철횉횚철첼
    횚철챕  326 |횚철챕    la = strlen(a->digits);
    횚철챕      |횚철챕                ~~~~~~~~~
    횚철챕      |횚철챕                 |
    횚철챕      |횚철철횚철횉횚철횉횚철횉횚철횉횚철횉횚철횉횚철횉횚철횉횚철횉횚철횉횚철횉횚철횉횚철횉횚철횉횚철횉횚철횉>(66) ...to here
    횚철챕  327 |     qdigits = (char *)malloc(la + 1);
    횚철챕  328 |     if (qdigits == NULL)
    횚철챕      |        ~
    횚철챕      |        |
    횚철챕      |        (67) following 'false' branch (when 'qdigits' is non-NULL)... 횚철횉>횚철횉횚철횋
    횚철챕      |                                                                         횚철챕
    횚철챕......
    횚철챕      |                                                                         횚철챕
    횚철챕      |횚철챤횚철횉횚철횉횚철횉횚철횉횚철횉횚철횉횚철횉횚철횉횚철횉횚철횉횚철횉횚철횉횚철횉횚철횉횚철횉횚철횉횚철횉횚철횉횚철횉횚철횉횚철횉횚철횉횚철횉횚철횉횚철횉횚철횉횚철횉횚철횉횚철횉횚철횉횚철횉횚철횉횚철횉횚철횉횚철횉횚철횉횚철횉횚철횉횚철횉횚철횉횚철횉횚철횉횚철횉횚철횉횚철횉횚철횉횚철횉횚철횉횚철횉횚철횉횚철횉횚철횉횚철횉횚철횉횚철횉횚철횉횚철횉횚철횉횚철횉횚철횉횚철횉횚철횉횚철횉횚철횉횚철횉횚철횉횚철횉횚철횉횚철횉횚철횉횚철횉횚철횉횚철첼
    횚철챕  331 |횚철챕    for (size_t i = 0; i < la; i++)
    횚철챕      |횚철챕                ~      ~~~~~~
    횚철챕      |횚철챕                |        |
    횚철챕      |횚철챕                |        (69) following 'true' branch (when 'i < la')... 횚철횉>횚철횉횚철횋
    횚철챕      |횚철철횚철횉횚철횉횚철횉횚철횉횚철횉횚철횉횚철횉횚철횉횚철횉횚철횉횚철횉횚철횉횚철횉횚철횉횚철횉>(68) ...to here                                             횚철챕
    횚철챕      |                                                                             횚철챕
    횚철챕      |                                                                             횚철챕
    횚철챕      |횚철챤횚철횉횚철횉횚철횉횚철횉횚철횉횚철횉횚철횉횚철횉횚철횉횚철횉횚철횉횚철횉횚철횉횚철횉횚철횉횚철횉횚철횉횚철횉횚철횉횚철횉횚철횉횚철횉횚철횉횚철횉횚철횉횚철횉횚철횉횚철횉횚철횉횚철횉횚철횉횚철횉횚철횉횚철횉횚철횉횚철횉횚철횉횚철횉횚철횉횚철횉횚철횉횚철횉횚철횉횚철횉횚철횉횚철횉횚철횉횚철횉횚철횉횚철횉횚철횉횚철횉횚철횉횚철횉횚철횉횚철횉횚철횉횚철횉횚철횉횚철횉횚철횉횚철횉횚철횉횚철횉횚철횉횚철횉횚철횉횚철횉횚철횉횚철횉횚철횉횚철횉횚철횉횚철횉횚철횉횚철횉횚철첼
    횚철챕  332 |횚철챕    {
    횚철챕  333 |횚철챕        BigInt rem10 = {0};
    횚철챕      |횚철챕               ~~~~~
    횚철챕      |횚철챕               |
    횚철챕      |횚철철횚철횉횚철횉횚철횉횚철횉횚철횉횚철횉횚철횉횚철횉횚철횉횚철횉횚철횉횚철횉횚철횉횚철횉>(70) ...to here
    횚철챕......
    횚철챕  342 |         if (!bigint_multiply(&rem, &(BigInt){"10"}, &rem10))
    횚철챕      |              ~~~~~~~~~~~~~~~~~~~~~~~~~~~~~~~~~~~~~~~~~~~~~~
    횚철챕      |              |
    횚철챕      |              (71) calling 'bigint_multiply' from 'bigint_divmod'
    횚철챕
    횚철철횚철횉횚철횉> 'bigint_multiply': events 72-75
           횚철챕
           횚철챕  235 | int bigint_multiply(const BigInt *a, const BigInt *b, BigInt *out)
           횚철챕      |     ^~~~~~~~~~~~~~~
           횚철챕      |     |
           횚철챕      |     (72) entry to 'bigint_multiply'
           횚철챕......
           횚철챕  243 |     if (a == NULL || b == NULL || out == NULL || a->digits == NULL || b->digits == NULL)
           횚철챕      |        ~
           횚철챕      |        |
           횚철챕      |        (73) following 'false' branch... 횚철횉>횚철횉횚철횋
           횚철챕      |                                            횚철챕
           횚철챕......
           횚철챕      |                                            횚철챕
           횚철챕      |횚철챤횚철횉횚철횉횚철횉횚철횉횚철횉횚철횉횚철횉횚철횉횚철횉횚철횉횚철횉횚철횉횚철횉횚철횉횚철횉횚철횉횚철횉횚철횉횚철횉횚철횉횚철횉횚철횉횚철횉횚철횉횚철횉횚철횉횚철횉횚철횉횚철횉횚철횉횚철횉횚철횉횚철횉횚철횉횚철횉횚철횉횚철횉횚철횉횚철횉횚철횉횚철횉횚철횉횚철횉횚철첼
           횚철챕  246 |횚철챕    if (bigint_is_zero(a) || bigint_is_zero(b))
           횚철챕      |횚철챕        ~~~~~~~~~~~~~~~~~
           횚철챕      |횚철챕        |
           횚철챕      |횚철철횚철횉횚철횉횚철횉횚철횉횚철횉횚철횉횚철횉>(74) ...to here
           횚철챕      |         (75) calling 'bigint_is_zero' from 'bigint_multiply'
           횚철챕
           횚철철횚철횉횚철횉> 'bigint_is_zero': events 76-77
                  횚철챕
                  횚철챕  125 | int bigint_is_zero(const BigInt *n)
                  횚철챕      |     ^~~~~~~~~~~~~~
                  횚철챕      |     |
                  횚철챕      |     (76) entry to 'bigint_is_zero'
                  횚철챕  126 | {
                  횚철챕  127 |     return n != NULL && n->digits != NULL && strcmp(n->digits, "0") == 0;
                  횚철챕      |            ~~~~~~~~~~~~~~~~~~~~~~~~~~~~~~~~~~~~~~~~~~~~~~~~~~~~~~~~~~~~~
                  횚철챕      |                                           |
                  횚철챕      |                                           (77) following 'true' branch... 횚철횉>횚철횉횚철횋
                  횚철챕      |                                                                              횚철챕
                  횚철챕
                'bigint_is_zero': event 78
                  횚철챕
                  횚철챕      |                                                                              횚철챕
                  횚철챕      |횚철챤횚철횉횚철횉횚철횉횚철횉횚철횉횚철횉횚철횉횚철횉횚철횉횚철횉횚철횉횚철횉횚철횉횚철횉횚철횉횚철횉횚철횉횚철횉횚철횉횚철횉횚철횉횚철횉횚철횉횚철횉횚철횉횚철횉횚철횉횚철횉횚철횉횚철횉횚철횉횚철횉횚철횉횚철횉횚철횉횚철횉횚철횉횚철횉횚철횉횚철횉횚철횉횚철횉횚철횉횚철횉횚철횉횚철횉횚철횉횚철횉횚철횉횚철횉횚철횉횚철횉횚철횉횚철횉횚철횉횚철횉횚철횉횚철횉횚철횉횚철횉횚철횉횚철횉횚철횉횚철횉횚철횉횚철횉횚철횉횚철횉횚철횉횚철횉횚철횉횚철횉횚철횉횚철횉횚철횉횚철횉횚철횉횚철첼
                  횚철챕  127 |횚철챕    return n != NULL && n->digits != NULL && strcmp(n->digits, "0") == 0;
                  횚철챕      |횚철챕                                                    ~^~~~~~~~
                  횚철챕      |횚철챕                                                     |
                  횚철챕      |횚철철횚철횉횚철횉횚철횉횚철횉횚철횉횚철횉횚철횉횚철횉횚철횉횚철횉횚철횉횚철횉횚철횉횚철횉횚철횉횚철횉횚철횉횚철횉횚철횉횚철횉횚철횉횚철횉횚철횉횚철횉횚철횉횚철횉횚철횉횚철횉횚철횉횚철횉횚철횉횚철횉횚철횉횚철횉횚철횉횚철횉횚철횉횚철횉횚철횉횚철횉횚철횉횚철횉횚철횉횚철횉횚철횉횚철횉횚철횉횚철횉횚철횉횚철횉횚철횉횚철횉>(78) ...to here
                  횚철챕
           <횚철횉횚철횉횚철횉횚철횉횚철횉횚철횉횚철첼
           횚철챕
         'bigint_multiply': events 79-80
           횚철챕
           횚철챕  246 |     if (bigint_is_zero(a) || bigint_is_zero(b))
           횚철챕      |         ^~~~~~~~~~~~~~~~~
           횚철챕      |         |
           횚철챕      |         (79) returning to 'bigint_multiply' from 'bigint_is_zero'
           횚철챕  247 |         return bigint_init(out, "0");
           횚철챕      |                ~~~~~~~~~~~~~~~~~~~~~
           횚철챕      |                |
           횚철챕      |                (80) calling 'bigint_init' from 'bigint_multiply'
           횚철챕
           횚철철횚철횉횚철횉> 'bigint_init': events 81-82
                  횚철챕
                  횚철챕   56 | int bigint_init(BigInt *n, const char *text)
                  횚철챕      |     ^~~~~~~~~~~
                  횚철챕      |     |
                  횚철챕      |     (81) entry to 'bigint_init'
                  횚철챕......
                  횚철챕   60 |     if (n == NULL || !texto_valido_entero_no_negativo(text))
                  횚철챕      |        ~
                  횚철챕      |        |
                  횚철챕      |        (82) following 'false' branch (when 'n' is non-NULL)... 횚철횉>횚철횉횚철횋
                  횚철챕      |                                                                   횚철챕
                  횚철챕
                'bigint_init': events 83-84
                  횚철챕
                  횚철챕      |                                                                   횚철챕
                  횚철챕      |횚철챤횚철횉횚철횉횚철횉횚철횉횚철횉횚철횉횚철횉횚철횉횚철횉횚철횉횚철횉횚철횉횚철횉횚철횉횚철횉횚철횉횚철횉횚철횉횚철횉횚철횉횚철횉횚철횉횚철횉횚철횉횚철횉횚철횉횚철횉횚철횉횚철횉횚철횉횚철횉횚철횉횚철횉횚철횉횚철횉횚철횉횚철횉횚철횉횚철횉횚철횉횚철횉횚철횉횚철횉횚철횉횚철횉횚철횉횚철횉횚철횉횚철횉횚철횉횚철횉횚철횉횚철횉횚철횉횚철횉횚철횉횚철횉횚철횉횚철횉횚철횉횚철횉횚철횉횚철횉횚철횉횚철횉횚철횉횚철첼
                  횚철챕   60 |횚철챕    if (n == NULL || !texto_valido_entero_no_negativo(text))
                  횚철챕      |횚철챕                      ^~~~~~~~~~~~~~~~~~~~~~~~~~~~~~~~~~~~~
                  횚철챕      |횚철챕                      |
                  횚철챕      |횚철철횚철횉횚철횉횚철횉횚철횉횚철횉횚철횉횚철횉횚철횉횚철횉횚철횉횚철횉횚철횉횚철횉횚철횉횚철횉횚철횉횚철횉횚철횉횚철횉횚철횉횚철횉>(83) ...to here
                  횚철챕      |                       (84) calling 'texto_valido_entero_no_negativo' from 'bigint_init'
                  횚철챕
                  횚철철횚철횉횚철횉> 'texto_valido_entero_no_negativo': events 85-89
                         횚철챕
                         횚철챕   25 | static int texto_valido_entero_no_negativo(const char *text)
                         횚철챕      |            ^~~~~~~~~~~~~~~~~~~~~~~~~~~~~~~
                         횚철챕      |            |
                         횚철챕      |            (85) entry to 'texto_valido_entero_no_negativo'
                         횚철챕......
                         횚철챕   29 |     if (text == NULL || *text == '\0')
                         횚철챕      |        ~    
                         횚철챕      |        |
                         횚철챕      |        (86) following 'false' branch... 횚철횉>횚철횉횚철횋
                         횚철챕      |                                            횚철챕
                         횚철챕......
                         횚철챕      |                                            횚철챕
                         횚철챕      |횚철챤횚철횉횚철횉횚철횉횚철횉횚철횉횚철횉횚철횉횚철횉횚철횉횚철횉횚철횉횚철횉횚철횉횚철횉횚철횉횚철횉횚철횉횚철횉횚철횉횚철횉횚철횉횚철횉횚철횉횚철횉횚철횉횚철횉횚철횉횚철횉횚철횉횚철횉횚철횉횚철횉횚철횉횚철횉횚철횉횚철횉횚철횉횚철횉횚철횉횚철횉횚철횉횚철횉횚철횉횚철첼
                         횚철챕   32 |횚철챕    for (i = 0; text[i] != '\0'; i++)
                         횚철챕      |횚철챕         ~~~~~  ~~~~~~~~~~~~~~~
                         횚철챕      |횚철챕           |            |
                         횚철챕      |횚철챕           |            (88) following 'true' branch... 횚철횉>횚철횉횚철횋
                         횚철챕      |횚철철횚철횉횚철횉횚철횉횚철횉횚철횉횚철횉횚철횉횚철횉횚철횉횚철횉>(87) ...to here                                 횚철챕
                         횚철챕      |                                                            횚철챕
                         횚철챕      |                                                            횚철챕
                         횚철챕      |횚철챤횚철횉횚철횉횚철횉횚철횉횚철횉횚철횉횚철횉횚철횉횚철횉횚철횉횚철횉횚철횉횚철횉횚철횉횚철횉횚철횉횚철횉횚철횉횚철횉횚철횉횚철횉횚철횉횚철횉횚철횉횚철횉횚철횉횚철횉횚철횉횚철횉횚철횉횚철횉횚철횉횚철횉횚철횉횚철횉횚철횉횚철횉횚철횉횚철횉횚철횉횚철횉횚철횉횚철횉횚철횉횚철횉횚철횉횚철횉횚철횉횚철횉횚철횉횚철횉횚철횉횚철횉횚철횉횚철횉횚철횉횚철횉횚철횉횚철횉횚철첼
                         횚철챕   33 |횚철챕    {
                         횚철챕   34 |횚철챕        if (!isdigit((unsigned char)text[i]))
                         횚철챕      |횚철챕                                        ~
                         횚철챕      |횚철챕                                        |
                         횚철챕      |횚철철횚철횉횚철횉횚철횉횚철횉횚철횉횚철횉횚철횉횚철횉횚철횉횚철횉횚철횉횚철횉횚철횉횚철횉횚철횉횚철횉횚철횉횚철횉횚철횉횚철횉횚철횉횚철횉횚철횉횚철횉횚철횉횚철횉횚철횉횚철횉횚철횉횚철횉횚철횉횚철횉횚철횉횚철횉횚철횉횚철횉횚철횉횚철횉횚철횉>(89) ...to here
                         횚철챕
                       'texto_valido_entero_no_negativo': event 90
                         횚철챕
                         횚철챕   34 |         if (!isdigit((unsigned char)text[i]))
                         횚철챕      |            ^
                         횚철챕      |            |
                         횚철챕      |            (90) following 'false' branch... 횚철횉>횚철횉횚철횋
                         횚철챕      |                                                횚철챕
                         횚철챕
                       'texto_valido_entero_no_negativo': event 91
                         횚철챕
                         횚철챕      |                                                횚철챕
                         횚철챕      |횚철챤횚철횉횚철횉횚철횉횚철횉횚철횉횚철횉횚철횉횚철횉횚철횉횚철횉횚철횉횚철횉횚철횉횚철횉횚철횉횚철횉횚철횉횚철횉횚철횉횚철횉횚철횉횚철횉횚철횉횚철횉횚철횉횚철횉횚철횉횚철횉횚철횉횚철횉횚철횉횚철횉횚철횉횚철횉횚철횉횚철횉횚철횉횚철횉횚철횉횚철횉횚철횉횚철횉횚철횉횚철횉횚철횉횚철횉횚철횉횚철첼
                         횚철챕   32 |횚철챕    for (i = 0; text[i] != '\0'; i++)
                         횚철챕      |횚철챕                                 ~^~
                         횚철챕      |횚철챕                                  |
                         횚철챕      |횚철철횚철횉횚철횉횚철횉횚철횉횚철횉횚철횉횚철횉횚철횉횚철횉횚철횉횚철횉횚철횉횚철횉횚철횉횚철횉횚철횉횚철횉횚철횉횚철횉횚철횉횚철횉횚철횉횚철횉횚철횉횚철횉횚철횉횚철횉횚철횉횚철횉횚철횉횚철횉횚철횉횚철횉>(91) ...to here
                         횚철챕
                  <횚철횉횚철횉횚철횉횚철횉횚철횉횚철횉횚철첼
                  횚철챕
                'bigint_init': event 92
                  횚철챕
                  횚철챕   60 |     if (n == NULL || !texto_valido_entero_no_negativo(text))
                  횚철챕      |                       ^~~~~~~~~~~~~~~~~~~~~~~~~~~~~~~~~~~~~
                  횚철챕      |                       |
                  횚철챕      |                       (92) returning to 'bigint_init' from 'texto_valido_entero_no_negativo'
                  횚철챕
                'bigint_init': events 93-95
                  횚철챕
                  횚철챕   60 |     if (n == NULL || !texto_valido_entero_no_negativo(text))
                  횚철챕      |         ~~~~~~~~~~^~~~~~~~~~~~~~~~~~~~~~~~~~~~~~~~~~~~~~~~~
                  횚철챕      |                   |
                  횚철챕      |                   (93) following 'false' branch... 횚철횉>횚철횉횚철횋
                  횚철챕      |                                                       횚철챕
                  횚철챕......
                  횚철챕      |                                                       횚철챕
                  횚철챕      |횚철챤횚철횉횚철횉횚철횉횚철횉횚철횉횚철횉횚철횉횚철횉횚철횉횚철횉횚철횉횚철횉횚철횉횚철횉횚철횉횚철횉횚철횉횚철횉횚철횉횚철횉횚철횉횚철횉횚철횉횚철횉횚철횉횚철횉횚철횉횚철횉횚철횉횚철횉횚철횉횚철횉횚철횉횚철횉횚철횉횚철횉횚철횉횚철횉횚철횉횚철횉횚철횉횚철횉횚철횉횚철횉횚철횉횚철횉횚철횉횚철횉횚철횉횚철횉횚철횉횚철횉횚철횉횚철횉횚철첼
                  횚철챕   63 |횚철챕    normalizado = normalizar(text);
                  횚철챕      |횚철챕                  ~~~~~~~~~~~~~~~~
                  횚철챕      |횚철챕                  |
                  횚철챕      |횚철철횚철횉횚철횉횚철횉횚철횉횚철횉횚철횉횚철횉횚철횉횚철횉횚철횉횚철횉횚철횉횚철횉횚철횉횚철횉횚철횉횚철횉>(94) ...to here
                  횚철챕      |                   (95) calling 'normalizar' from 'bigint_init'
                  횚철챕
                  횚철철횚철횉횚철횉> 'normalizar': events 96-99
                         횚철챕
                         횚철챕   42 | static char *normalizar(const char *text)
                         횚철챕      |              ^~~~~~~~~~
                         횚철챕      |              |
                         횚철챕      |              (96) entry to 'normalizar'
                         횚철챕......
                         횚철챕   46 |     if (text == NULL || *text == '\0')
                         횚철챕      |        ~      
                         횚철챕      |        |
                         횚철챕      |        (97) following 'false' branch... 횚철횉>횚철횉횚철횋
                         횚철챕      |                                            횚철챕
                         횚철챕......
                         횚철챕      |                                            횚철챕
                         횚철챕      |횚철챤횚철횉횚철횉횚철횉횚철횉횚철횉횚철횉횚철횉횚철횉횚철횉횚철횉횚철횉횚철횉횚철횉횚철횉횚철횉횚철횉횚철횉횚철횉횚철횉횚철횉횚철횉횚철횉횚철횉횚철횉횚철횉횚철횉횚철횉횚철횉횚철횉횚철횉횚철횉횚철횉횚철횉횚철횉횚철횉횚철횉횚철횉횚철횉횚철횉횚철횉횚철횉횚철횉횚철횉횚철첼
                         횚철챕   49 |횚철챕    while (text[i] == '0' && text[i + 1] != '\0')
                         횚철챕      |횚철챕          ~~~~~~~~~~~~~~~~~~~~~~~~~~~~~~~~~~~~~~
                         횚철챕      |횚철챕          |               |
                         횚철챕      |횚철철횚철횉횚철횉횚철횉횚철횉횚철횉횚철횉횚철횉횚철횉횚철횉>(98) ...to here (99) following 'true' branch... 횚철횉>횚철횉횚철횋
                         횚철챕      |                                                              횚철챕
                         횚철챕
                       'normalizar': event 100
                         횚철챕
                         횚철챕      |                                                              횚철챕
                         횚철챕      |횚철챤횚철횉횚철횉횚철횉횚철횉횚철횉횚철횉횚철횉횚철횉횚철횉횚철횉횚철횉횚철횉횚철횉횚철횉횚철횉횚철횉횚철횉횚철횉횚철횉횚철횉횚철횉횚철횉횚철횉횚철횉횚철횉횚철횉횚철횉횚철횉횚철횉횚철횉횚철횉횚철횉횚철횉횚철횉횚철횉횚철횉횚철횉횚철횉횚철횉횚철횉횚철횉횚철횉횚철횉횚철횉횚철횉횚철횉횚철횉횚철횉횚철횉횚철횉횚철횉횚철횉횚철횉횚철횉횚철횉횚철횉횚철횉횚철횉횚철횉횚철횉횚철횉횚철첼
                         횚철챕   49 |횚철챕    while (text[i] == '0' && text[i + 1] != '\0')
                         횚철챕      |횚철챕                                  ~~^~~
                         횚철챕      |횚철챕                                    |
                         횚철챕      |횚철철횚철횉횚철횉횚철횉횚철횉횚철횉횚철횉횚철횉횚철횉횚철횉횚철횉횚철횉횚철횉횚철횉횚철횉횚철횉횚철횉횚철횉횚철횉횚철횉횚철횉횚철횉횚철횉횚철횉횚철횉횚철횉횚철횉횚철횉횚철횉횚철횉횚철횉횚철횉횚철횉횚철횉횚철횉횚철횉>(100) ...to here
                         횚철챕
                       'normalizar': events 101-103
                         횚철챕
                         횚철챕   49 |     while (text[i] == '0' && text[i + 1] != '\0')
                         횚철챕      |            ~~~~~~~~~~~~~~~^~~~~~~~~~~~~~~~~~~~~~
                         횚철챕      |                           |
                         횚철챕      |                           (101) following 'false' branch... 횚철횉>횚철횉횚철횋
                         횚철챕      |                                                                횚철챕
                         횚철챕......
                         횚철챕      |                                                                횚철챕
                         횚철챕      |횚철챤횚철횉횚철횉횚철횉횚철횉횚철횉횚철횉횚철횉횚철횉횚철횉횚철횉횚철횉횚철횉횚철횉횚철횉횚철횉횚철횉횚철횉횚철횉횚철횉횚철횉횚철횉횚철횉횚철횉횚철횉횚철횉횚철횉횚철횉횚철횉횚철횉횚철횉횚철횉횚철횉횚철횉횚철횉횚철횉횚철횉횚철횉횚철횉횚철횉횚철횉횚철횉횚철횉횚철횉횚철횉횚철횉횚철횉횚철횉횚철횉횚철횉횚철횉횚철횉횚철횉횚철횉횚철횉횚철횉횚철횉횚철횉횚철횉횚철횉횚철횉횚철횉횚철횉횚철횉횚철첼
                         횚철챕   52 |횚철챕    return duplicar(text + i);
                         횚철챕      |횚철챕           ~~~~~~~~~~~~~~~~~~
                         횚철챕      |횚철챕           |
                         횚철챕      |횚철철횚철횉횚철횉횚철횉횚철횉횚철횉횚철횉횚철횉횚철횉횚철횉횚철횉>(102) ...to here
                         횚철챕      |            (103) calling 'duplicar' from 'normalizar'
                         횚철챕
                         횚철철횚철횉횚철횉> 'duplicar': events 104-108
                                횚철챕
                                횚철챕    7 | static char *duplicar(const char *s)
                                횚철챕      |              ^~~~~~~~
                                횚철챕      |              |
                                횚철챕      |              (104) entry to 'duplicar'
                                횚철챕......
                                횚철챕   12 |     if (s == NULL)
                                횚철챕      |        ~      
                                횚철챕      |        |
                                횚철챕      |        (105) following 'false' branch (when 's' is non-NULL)... 횚철횉>횚철횉횚철횋
                                횚철챕      |                                                                    횚철챕
                                횚철챕......
                                횚철챕      |                                                                    횚철챕
                                횚철챕      |횚철챤횚철횉횚철횉횚철횉횚철횉횚철횉횚철횉횚철횉횚철횉횚철횉횚철횉횚철횉횚철횉횚철횉횚철횉횚철횉횚철횉횚철횉횚철횉횚철횉횚철횉횚철횉횚철횉횚철횉횚철횉횚철횉횚철횉횚철횉횚철횉횚철횉횚철횉횚철횉횚철횉횚철횉횚철횉횚철횉횚철횉횚철횉횚철횉횚철횉횚철횉횚철횉횚철횉횚철횉횚철횉횚철횉횚철횉횚철횉횚철횉횚철횉횚철횉횚철횉횚철횉횚철횉횚철횉횚철횉횚철횉횚철횉횚철횉횚철횉횚철횉횚철횉횚철횉횚철횉횚철횉횚철횉횚철횉횚철횉횚철첼
                                횚철챕   15 |횚철챕    len = strlen(s) + 1;
                                횚철챕      |횚철챕          ~~~~~~~~~
                                횚철챕      |횚철챕          |
                                횚철챕      |횚철철횚철횉횚철횉횚철횉횚철횉횚철횉횚철횉횚철횉횚철횉횚철횉>(106) ...to here
                                횚철챕   16 |     copia = (char *)malloc(len);
                                횚철챕   17 |     if (copia == NULL)
                                횚철챕      |        ~      
                                횚철챕      |        |
                                횚철챕      |        (107) following 'false' branch (when 'copia' is non-NULL)... 횚철횉>횚철횉횚철횋
                                횚철챕      |                                                                        횚철챕
                                횚철챕......
                                횚철챕      |                                                                        횚철챕
                                횚철챕      |횚철챤횚철횉횚철횉횚철횉횚철횉횚철횉횚철횉횚철횉횚철횉횚철횉횚철횉횚철횉횚철횉횚철횉횚철횉횚철횉횚철횉횚철횉횚철횉횚철횉횚철횉횚철횉횚철횉횚철횉횚철횉횚철횉횚철횉횚철횉횚철횉횚철횉횚철횉횚철횉횚철횉횚철횉횚철횉횚철횉횚철횉횚철횉횚철횉횚철횉횚철횉횚철횉횚철횉횚철횉횚철횉횚철횉횚철횉횚철횉횚철횉횚철횉횚철횉횚철횉횚철횉횚철횉횚철횉횚철횉횚철횉횚철횉횚철횉횚철횉횚철횉횚철횉횚철횉횚철횉횚철횉횚철횉횚철횉횚철횉횚철횉횚철횉횚철횉횚철횉횚철첼
                                횚철챕   20 |횚철챕    memcpy(copia, s, len);
                                횚철챕      |횚철챕    ~~~~~~~~~~~~~~~~~~~~~
                                횚철챕      |횚철챕    |
                                횚철챕      |횚철철횚철횉횚철횉횚철횉>(108) ...to here
                                횚철챕
                         <횚철횉횚철횉횚철횉횚철횉횚철횉횚철횉횚철첼
                         횚철챕
                       'normalizar': event 109
                         횚철챕
                         횚철챕   52 |     return duplicar(text + i);
                         횚철챕      |            ^~~~~~~~~~~~~~~~~~
                         횚철챕      |            |
                         횚철챕      |            (109) returning to 'normalizar' from 'duplicar'
                         횚철챕
                  <횚철횉횚철횉횚철횉횚철횉횚철횉횚철횉횚철첼
                  횚철챕
                'bigint_init': events 110-112
                  횚철챕
                  횚철챕   63 |     normalizado = normalizar(text);
                  횚철챕      |                   ^~~~~~~~~~~~~~~~
                  횚철챕      |                   |
                  횚철챕      |                   (110) returning to 'bigint_init' from 'normalizar'
                  횚철챕   64 |     if (normalizado == NULL)
                  횚철챕      |        ~           
                  횚철챕      |        |
                  횚철챕      |        (111) following 'false' branch (when 'normalizado' is non-NULL)... 횚철횉>횚철횉횚철횋
                  횚철챕      |                                                                              횚철챕
                  횚철챕......
                  횚철챕      |                                                                              횚철챕
                  횚철챕      |횚철챤횚철횉횚철횉횚철횉횚철횉횚철횉횚철횉횚철횉횚철횉횚철횉횚철횉횚철횉횚철횉횚철횉횚철횉횚철횉횚철횉횚철횉횚철횉횚철횉횚철횉횚철횉횚철횉횚철횉횚철횉횚철횉횚철횉횚철횉횚철횉횚철횉횚철횉횚철횉횚철횉횚철횉횚철횉횚철횉횚철횉횚철횉횚철횉횚철횉횚철횉횚철횉횚철횉횚철횉횚철횉횚철횉횚철횉횚철횉횚철횉횚철횉횚철횉횚철횉횚철횉횚철횉횚철횉횚철횉횚철횉횚철횉횚철횉횚철횉횚철횉횚철횉횚철횉횚철횉횚철횉횚철횉횚철횉횚철횉횚철횉횚철횉횚철횉횚철횉횚철횉횚철횉횚철횉횚철횉횚철횉횚철횉횚철첼
                  횚철챕   67 |횚철챕    n->digits = normalizado;
                  횚철챕      |횚철챕    ~~~~~~~~~~~~~~~~~~~~~~~
                  횚철챕      |횚철챕              |
                  횚철챕      |횚철철횚철횉횚철횉횚철횉횚철횉횚철횉횚철횉횚철횉횚철횉횚철횉횚철횉횚철횉횚철횉횚철횉>(112) ...to here
                  횚철챕
           <횚철횉횚철횉횚철횉횚철횉횚철횉횚철횉횚철첼
           횚철챕
         'bigint_multiply': event 113
           횚철챕
           횚철챕  247 |         return bigint_init(out, "0");
           횚철챕      |                ^~~~~~~~~~~~~~~~~~~~~
           횚철챕      |                |
           횚철챕      |                (113) returning to 'bigint_multiply' from 'bigint_init'
           횚철챕
    <횚철횉횚철횉횚철횉횚철횉횚철횉횚철횉횚철첼
    횚철챕
  'bigint_divmod': event 114
    횚철챕
    횚철챕  342 |         if (!bigint_multiply(&rem, &(BigInt){"10"}, &rem10))
    횚철챕      |              ^~~~~~~~~~~~~~~~~~~~~~~~~~~~~~~~~~~~~~~~~~~~~~
    횚철챕      |              |
    횚철챕      |              (114) returning to 'bigint_divmod' from 'bigint_multiply'
    횚철챕
  'bigint_divmod': events 115-117
    횚철챕
    횚철챕  342 |         if (!bigint_multiply(&rem, &(BigInt){"10"}, &rem10))
    횚철챕      |            ^
    횚철챕      |            |
    횚철챕      |            (115) following 'false' branch... 횚철횉>횚철횉횚철횋
    횚철챕      |                                                 횚철챕
    횚철챕......
    횚철챕      |                                                 횚철챕
    횚철챕      |횚철챤횚철횉횚철횉횚철횉횚철횉횚철횉횚철횉횚철횉횚철횉횚철횉횚철횉횚철횉횚철횉횚철횉횚철횉횚철횉횚철횉횚철횉횚철횉횚철횉횚철횉횚철횉횚철횉횚철횉횚철횉횚철횉횚철횉횚철횉횚철횉횚철횉횚철횉횚철횉횚철횉횚철횉횚철횉횚철횉횚철횉횚철횉횚철횉횚철횉횚철횉횚철횉횚철횉횚철횉횚철횉횚철횉횚철횉횚철횉횚철횉횚철첼
    횚철챕  345 |횚철챕        if (!bigint_init(&digit, digTxt))
    횚철챕      |횚철챕             ~~~~~~~~~~~~~~~~~~~~~~~~~~~
    횚철챕      |횚철챕             |
    횚철챕      |횚철철횚철횉횚철횉횚철횉횚철횉횚철횉횚철횉횚철횉횚철횉횚철횉횚철횉횚철횉횚철횉>(116) ...to here
    횚철챕      |              (117) calling 'bigint_init' from 'bigint_divmod'
    횚철챕
    횚철철횚철횉횚철횉> 'bigint_init': events 118-119
           횚철챕
           횚철챕   56 | int bigint_init(BigInt *n, const char *text)
           횚철챕      |     ^~~~~~~~~~~
           횚철챕      |     |
           횚철챕      |     (118) entry to 'bigint_init'
           횚철챕......
           횚철챕   60 |     if (n == NULL || !texto_valido_entero_no_negativo(text))
           횚철챕      |        ~
           횚철챕      |        |
           횚철챕      |        (119) following 'false' branch (when 'n' is non-NULL)... 횚철횉>횚철횉횚철횋
           횚철챕      |                                                                    횚철챕
           횚철챕
         'bigint_init': events 120-121
           횚철챕
           횚철챕      |                                                                    횚철챕
           횚철챕      |횚철챤횚철횉횚철횉횚철횉횚철횉횚철횉횚철횉횚철횉횚철횉횚철횉횚철횉횚철횉횚철횉횚철횉횚철횉횚철횉횚철횉횚철횉횚철횉횚철횉횚철횉횚철횉횚철횉횚철횉횚철횉횚철횉횚철횉횚철횉횚철횉횚철횉횚철횉횚철횉횚철횉횚철횉횚철횉횚철횉횚철횉횚철횉횚철횉횚철횉횚철횉횚철횉횚철횉횚철횉횚철횉횚철횉횚철횉횚철횉횚철횉횚철횉횚철횉횚철횉횚철횉횚철횉횚철횉횚철횉횚철횉횚철횉횚철횉횚철횉횚철횉횚철횉횚철횉횚철횉횚철횉횚철횉횚철횉횚철횉횚철첼
           횚철챕   60 |횚철챕    if (n == NULL || !texto_valido_entero_no_negativo(text))
           횚철챕      |횚철챕                      ^~~~~~~~~~~~~~~~~~~~~~~~~~~~~~~~~~~~~
           횚철챕      |횚철챕                      |
           횚철챕      |횚철철횚철횉횚철횉횚철횉횚철횉횚철횉횚철횉횚철횉횚철횉횚철횉횚철횉횚철횉횚철횉횚철횉횚철횉횚철횉횚철횉횚철횉횚철횉횚철횉횚철횉횚철횉>(120) ...to here
           횚철챕      |                       (121) calling 'texto_valido_entero_no_negativo' from 'bigint_init'
           횚철챕
           횚철철횚철횉횚철횉> 'texto_valido_entero_no_negativo': events 122-123
                  횚철챕
                  횚철챕   25 | static int texto_valido_entero_no_negativo(const char *text)
                  횚철챕      |            ^~~~~~~~~~~~~~~~~~~~~~~~~~~~~~~
                  횚철챕      |            |
                  횚철챕      |            (122) entry to 'texto_valido_entero_no_negativo'
                  횚철챕......
                  횚철챕   29 |     if (text == NULL || *text == '\0')
                  횚철챕      |        ~    
                  횚철챕      |        |
                  횚철챕      |        (123) following 'false' branch (when 'text' is non-NULL)... 횚철횉>횚철횉횚철횋
                  횚철챕      |                                                                       횚철챕
                  횚철챕
                'texto_valido_entero_no_negativo': events 124-126
                  횚철챕
                  횚철챕      |                                                                       횚철챕
                  횚철챕      |횚철챤횚철횉횚철횉횚철횉횚철횉횚철횉횚철횉횚철횉횚철횉횚철횉횚철횉횚철횉횚철횉횚철횉횚철횉횚철횉횚철횉횚철횉횚철횉횚철횉횚철횉횚철횉횚철횉횚철횉횚철횉횚철횉횚철횉횚철횉횚철횉횚철횉횚철횉횚철횉횚철횉횚철횉횚철횉횚철횉횚철횉횚철횉횚철횉횚철횉횚철횉횚철횉횚철횉횚철횉횚철횉횚철횉횚철횉횚철횉횚철횉횚철횉횚철횉횚철횉횚철횉횚철횉횚철횉횚철횉횚철횉횚철횉횚철횉횚철횉횚철횉횚철횉횚철횉횚철횉횚철횉횚철횉횚철횉횚철횉횚철횉횚철횉횚철횉횚철첼
                  횚철챕   29 |횚철챕    if (text == NULL || *text == '\0')
                  횚철챕      |횚철챕                        ^~~~~
                  횚철챕      |횚철챕                        |
                  횚철챕      |횚철철횚철횉횚철횉횚철횉횚철횉횚철횉횚철횉횚철횉횚철횉횚철횉횚철횉횚철횉횚철횉횚철횉횚철횉횚철횉횚철횉횚철횉횚철횉횚철횉횚철횉횚철횉횚철횉횚철횉>(124) ...to here
                  횚철챕......
                  횚철챕   32 |     for (i = 0; text[i] != '\0'; i++)
                  횚철챕      |                 ~~~~~~~~~~~~~~~
                  횚철챕      |                         |
                  횚철챕      |                         (125) following 'true' branch... 횚철횉>횚철횉횚철횋
                  횚철챕      |                                                             횚철챕
                  횚철챕      |                                                             횚철챕
                  횚철챕      |횚철챤횚철횉횚철횉횚철횉횚철횉횚철횉횚철횉횚철횉횚철횉횚철횉횚철횉횚철횉횚철횉횚철횉횚철횉횚철횉횚철횉횚철횉횚철횉횚철횉횚철횉횚철횉횚철횉횚철횉횚철횉횚철횉횚철횉횚철횉횚철횉횚철횉횚철횉횚철횉횚철횉횚철횉횚철횉횚철횉횚철횉횚철횉횚철횉횚철횉횚철횉횚철횉횚철횉횚철횉횚철횉횚철횉횚철횉횚철횉횚철횉횚철횉횚철횉횚철횉횚철횉횚철횉횚철횉횚철횉횚철횉횚철횉횚철횉횚철횉횚철횉횚철첼
                  횚철챕   33 |횚철챕    {
                  횚철챕   34 |횚철챕        if (!isdigit((unsigned char)text[i]))
                  횚철챕      |횚철챕                                        ~
                  횚철챕      |횚철챕                                        |
                  횚철챕      |횚철철횚철횉횚철횉횚철횉횚철횉횚철횉횚철횉횚철횉횚철횉횚철횉횚철횉횚철횉횚철횉횚철횉횚철횉횚철횉횚철횉횚철횉횚철횉횚철횉횚철횉횚철횉횚철횉횚철횉횚철횉횚철횉횚철횉횚철횉횚철횉횚철횉횚철횉횚철횉횚철횉횚철횉횚철횉횚철횉횚철횉횚철횉횚철횉횚철횉>(126) ...to here
                  횚철챕
           <횚철횉횚철횉횚철횉횚철횉횚철횉횚철횉횚철첼
           횚철챕
         'bigint_init': event 127
           횚철챕
           횚철챕   60 |     if (n == NULL || !texto_valido_entero_no_negativo(text))
           횚철챕      |                       ^~~~~~~~~~~~~~~~~~~~~~~~~~~~~~~~~~~~~
           횚철챕      |                       |
           횚철챕      |                       (127) returning to 'bigint_init' from 'texto_valido_entero_no_negativo'
           횚철챕
         'bigint_init': events 128-130
           횚철챕
           횚철챕   60 |     if (n == NULL || !texto_valido_entero_no_negativo(text))
           횚철챕      |         ~~~~~~~~~~^~~~~~~~~~~~~~~~~~~~~~~~~~~~~~~~~~~~~~~~~
           횚철챕      |                   |
           횚철챕      |                   (128) following 'false' branch... 횚철횉>횚철횉횚철횋
           횚철챕      |                                                        횚철챕
           횚철챕......
           횚철챕      |                                                        횚철챕
           횚철챕      |횚철챤횚철횉횚철횉횚철횉횚철횉횚철횉횚철횉횚철횉횚철횉횚철횉횚철횉횚철횉횚철횉횚철횉횚철횉횚철횉횚철횉횚철횉횚철횉횚철횉횚철횉횚철횉횚철횉횚철횉횚철횉횚철횉횚철횉횚철횉횚철횉횚철횉횚철횉횚철횉횚철횉횚철횉횚철횉횚철횉횚철횉횚철횉횚철횉횚철횉횚철횉횚철횉횚철횉횚철횉횚철횉횚철횉횚철횉횚철횉횚철횉횚철횉횚철횉횚철횉횚철횉횚철횉횚철횉횚철횉횚철첼
           횚철챕   63 |횚철챕    normalizado = normalizar(text);
           횚철챕      |횚철챕                  ~~~~~~~~~~~~~~~~
           횚철챕      |횚철챕                  |
           횚철챕      |횚철철횚철횉횚철횉횚철횉횚철횉횚철횉횚철횉횚철횉횚철횉횚철횉횚철횉횚철횉횚철횉횚철횉횚철횉횚철횉횚철횉횚철횉>(129) ...to here
           횚철챕      |                   (130) calling 'normalizar' from 'bigint_init'
           횚철챕
           횚철철횚철횉횚철횉> 'normalizar': events 131-134
                  횚철챕
                  횚철챕   42 | static char *normalizar(const char *text)
                  횚철챕      |              ^~~~~~~~~~
                  횚철챕      |              |
                  횚철챕      |              (131) entry to 'normalizar'
                  횚철챕......
                  횚철챕   46 |     if (text == NULL || *text == '\0')
                  횚철챕      |        ~      
                  횚철챕      |        |
                  횚철챕      |        (132) following 'false' branch... 횚철횉>횚철횉횚철횋
                  횚철챕      |                                             횚철챕
                  횚철챕......
                  횚철챕      |                                             횚철챕
                  횚철챕      |횚철챤횚철횉횚철횉횚철횉횚철횉횚철횉횚철횉횚철횉횚철횉횚철횉횚철횉횚철횉횚철횉횚철횉횚철횉횚철횉횚철횉횚철횉횚철횉횚철횉횚철횉횚철횉횚철횉횚철횉횚철횉횚철횉횚철횉횚철횉횚철횉횚철횉횚철횉횚철횉횚철횉횚철횉횚철횉횚철횉횚철횉횚철횉횚철횉횚철횉횚철횉횚철횉횚철횉횚철횉횚철횉횚철첼
                  횚철챕   49 |횚철챕    while (text[i] == '0' && text[i + 1] != '\0')
                  횚철챕      |횚철챕          ~   
                  횚철챕      |횚철챕          |
                  횚철챕      |횚철철횚철횉횚철횉횚철횉횚철횉횚철횉횚철횉횚철횉횚철횉횚철횉>(133) ...to here
                  횚철챕......
                  횚철챕   52 |     return duplicar(text + i);
                  횚철챕      |            ~~~~~~~~~~~~~~~~~~
                  횚철챕      |            |
                  횚철챕      |            (134) calling 'duplicar' from 'normalizar'
                  횚철챕
                  횚철철횚철횉횚철횉> 'duplicar': events 135-140
                         횚철챕
                         횚철챕    7 | static char *duplicar(const char *s)
                         횚철챕      |              ^~~~~~~~
                         횚철챕      |              |
                         횚철챕      |              (135) entry to 'duplicar'
                         횚철챕......
                         횚철챕   12 |     if (s == NULL)
                         횚철챕      |        ~      
                         횚철챕      |        |
                         횚철챕      |        (136) following 'false' branch (when 's' is non-NULL)... 횚철횉>횚철횉횚철횋
                         횚철챕      |                                                                    횚철챕
                         횚철챕......
                         횚철챕      |                                                                    횚철챕
                         횚철챕      |횚철챤횚철횉횚철횉횚철횉횚철횉횚철횉횚철횉횚철횉횚철횉횚철횉횚철횉횚철횉횚철횉횚철횉횚철횉횚철횉횚철횉횚철횉횚철횉횚철횉횚철횉횚철횉횚철횉횚철횉횚철횉횚철횉횚철횉횚철횉횚철횉횚철횉횚철횉횚철횉횚철횉횚철횉횚철횉횚철횉횚철횉횚철횉횚철횉횚철횉횚철횉횚철횉횚철횉횚철횉횚철횉횚철횉횚철횉횚철횉횚철횉횚철횉횚철횉횚철횉횚철횉횚철횉횚철횉횚철횉횚철횉횚철횉횚철횉횚철횉횚철횉횚철횉횚철횉횚철횉횚철횉횚철횉횚철횉횚철횉횚철첼
                         횚철챕   15 |횚철챕    len = strlen(s) + 1;
                         횚철챕      |횚철챕          ~~~~~~~~~
                         횚철챕      |횚철챕          |
                         횚철챕      |횚철철횚철횉횚철횉횚철횉횚철횉횚철횉횚철횉횚철횉횚철횉횚철횉>(137) ...to here
                         횚철챕   16 |     copia = (char *)malloc(len);
                         횚철챕   17 |     if (copia == NULL)
                         횚철챕      |        ~      
                         횚철챕      |        |
                         횚철챕      |        (138) following 'false' branch (when 'copia' is non-NULL)... 횚철횉>횚철횉횚철횋
                         횚철챕      |                                                                        횚철챕
                         횚철챕......
                         횚철챕      |                                                                        횚철챕
                         횚철챕      |횚철챤횚철횉횚철횉횚철횉횚철횉횚철횉횚철횉횚철횉횚철횉횚철횉횚철횉횚철횉횚철횉횚철횉횚철횉횚철횉횚철횉횚철횉횚철횉횚철횉횚철횉횚철횉횚철횉횚철횉횚철횉횚철횉횚철횉횚철횉횚철횉횚철횉횚철횉횚철횉횚철횉횚철횉횚철횉횚철횉횚철횉횚철횉횚철횉횚철횉횚철횉횚철횉횚철횉횚철횉횚철횉횚철횉횚철횉횚철횉횚철횉횚철횉횚철횉횚철횉횚철횉횚철횉횚철횉횚철횉횚철횉횚철횉횚철횉횚철횉횚철횉횚철횉횚철횉횚철횉횚철횉횚철횉횚철횉횚철횉횚철횉횚철횉횚철횉횚철횉횚철첼
                         횚철챕   20 |횚철챕    memcpy(copia, s, len);
                         횚철챕      |횚철챕    ~~~~~~~~~~~~~~~~~~~~~
                         횚철챕      |횚철챕    |
                         횚철챕      |횚철철횚철횉횚철횉횚철횉>(139) ...to here
                         횚철챕      |     (140) 횚횥찼쨈짤횇  use of uninitialized value 's' here
                         횚철챕
